C51 COMPILER V9.00   COMMUNICATION                                                         10/27/2014 15:54:14 PAGE 1   


C51 COMPILER V9.00, COMPILATION OF MODULE COMMUNICATION
OBJECT MODULE PLACED IN Communication.OBJ
COMPILER INVOKED BY: C:\Keil\C51\BIN\c51.exe Communication.h DB OE BR INCDIR(C:\SiLabs\MCU\Inc)

line level    source

   1          typedef unsigned char byte ;
   2          typedef unsigned int  word ;
   3          
   4          typedef union
   5          {
   6                  word W ;
   7                  byte B[2];
   8          } TWord;
   9          
  10          typedef enum
  11          {
  12                  Message_Heating                 =0,
  13                  Message_PowderLocating  =1,
  14                  Message_PackPowder              =2,
  15                  Message_PackDrug                =3,
  16                  Message_PackMix                 =4,
  17                  Message_PackSpace               =5,
  18                  Message_Clearing                =6,
  19                  Message_PackFinish              =7,
  20                  Message_PackPause               =8,
  21                  Message_PackCancel              =9,
  22                  Message_SystemReady             =10,
  23                  Message_Space                   =11,
  24          
  25                  Message_PowderLocationAlerm   =37,
  26                  Message_PaperEntryAlerm           =38,
  27                  Message_CarbonEntryAlerm          =39
  28          } EMessage ;
  29          
  30          
  31          typedef enum
  32          {
  33                  ErrorCode_NoError               =0,
  34                  ErrorCode_ControlPanel  =1,
  35                  ErrorCode_USBConnection =2,
  36                  ErrorCode_PaperMotor    =3,
  37                  ErrorCode_Powder                =4,
  38                  ErrorCode_Drug                  =5,
  39                  ErrorCode_PowderCover   =6,
  40                  ErrorCode_DrugCover             =7,
  41                  ErrorCode_PresureDown   =8,
  42                  ErrorCode_PresureUp             =9,
  43                  ErrorCode_Heater                =10,
  44                  ErrorCode_HallSensor    =11,
  45                  ErrorCode_Printer               =12
  46          } EErrorCode ;
  47          
  48          
  49          typedef enum
  50          {
  51                  UART_NoMark     =0x03,
  52                  UART_Mark       =0x02,
  53          } EUART ;
  54          
  55          //--------------------------------------------------------
C51 COMPILER V9.00   COMMUNICATION                                                         10/27/2014 15:54:14 PAGE 2   

  56          typedef enum                                    
  57          {
  58                  TabletState_Fail        =0,                             
  59                  TabletState_Busy        =1,                                                     
  60                  TabletState_Sucess      =3,
  61                  TabletState_Idel        =4,
  62                  TabletState_ACK         =5
  63          } ETabletState;
  64          
  65          
  66          
  67          typedef enum 
  68          { 
  69              StationState_Idel                   =0,
  70                  StationState_Heating            =1,     
  71                  StationState_Packing            =2,     
  72                  StationState_USBPacking         =3,     
  73                  StationState_PackPause          =4,     
  74                  StationState_Clearing           =5,     
  75                  StationState_PowderLocating =6, 
  76              StationState_Busy                   =7,     
  77              StationState_Error                  =8,
  78                  StationState_Finish                     =9
  79          } EStationState ;
  80          
  81          typedef enum 
  82          { 
  83                  State_Error                     =0,
  84                  State_Packing           =1,     
  85                  State_Finish            =3
  86          } E232State;
  87          
  88          // --------------------------------------------------------
  89          typedef enum                                    
  90          {
  91                  TabletCommand_Idel,                     
  92                  TabletCommand_PackStart,                
  93                  TabletCommand_PackStop,                 
  94                  TabletCommand_Return,
  95                  TabletCommand_LEDON,
  96                  TabletCommand_LEDOFF            
  97          } ETabletCommand ;
  98          
  99          
 100          typedef enum 
 101          {
 102                  EStationCommand_Idel,                   
 103                  EStationCommand_USBPackStart,
 104                  EStationCommand_PackStart,      
 105                  EStationCommand_PackPause,      
 106                  EStationCommand_PackStop,       
 107                  EStationCommand_PackContinue,   
 108                  EStationCommand_PaperMotorLocate,
 109                  EStationCommand_PaperMotorForward,
 110                  EStationCommand_PaperMotorReverse,
 111                  EStationCommand_AutoClear,              
 112                  EStationCommand_PowderLocate,   
 113                  EStationCommand_StopHeating,            
 114                  EStationCommand_Ack,    
 115                  EStationCommand_SetDateTime,
 116                  EStationCommand_Reset,                  
 117                  EStationCommand_Again,
C51 COMPILER V9.00   COMMUNICATION                                                         10/27/2014 15:54:14 PAGE 3   

 118                  EStationCommand_Return,
 119                  EStationCommand_Cut
 120          
 121          } EStationCommand;
 122          
 123          typedef enum 
 124          {
 125                  BoardCommand_RxCasseteInfo = 'A',
 126                  BoardCommand_StateReruen   = 'B',
 127                  BoardCommand_Start                 = 'C',                               
 128                  BoardCommand_ACK           = 'D',
 129                  BoardCommand_Busy                  = 'E',
 130                  BoardCommand_Idel
 131          } E232Command;
 132          // --------------------------------------------------------
 133          
 134          typedef struct 
 135          {
 136                  ETabletCommand Command;                 
 137                  ETabletState     State;                         
 138                  byte             PacketA;
 139                  byte             PacketB;
 140                  unsigned int CasseteNum;                
 141                  byte             Quantity;                              
 142          } TTablet ;
 143          
 144          typedef struct
 145          {       
 146                  EStationCommand Command;
 147                  EStationState   State;  
 148                  byte    StationNum;     
 149                  byte        NumberA     ;
 150                  byte            NumberB ;
 151                  byte            BCC;
 152                  byte            END;
 153                  byte        CasseteQTY; 
 154                  byte            HNumber;
 155                  byte            TNumber;
 156                  byte            SNumber;        
 157          } TStation;
 158          
 159          typedef struct 
 160          {
 161                  E232Command     Command;        
 162                  E232State       State;  
 163                  
 164          } T232Board;
 165          typedef struct
 166          {
 167                  byte            HNumber;
 168                  byte            TNumber;
 169                  byte            SNumber;
 170                  byte            QTY;
 171                  byte            State;
 172          } ECasseteNum ;
 173          
 174          typedef struct
 175          {
 176                  EUART           UART_Mark;      
 177                  TTablet         Tablet;         
 178                  TStation        Station;                
 179                  T232Board       Board;          
C51 COMPILER V9.00   COMMUNICATION                                                         10/27/2014 15:54:14 PAGE 4   

 180                  EErrorCode  ErrorCode;  
 181                  ECasseteNum CasseteInfo[5];
 182                  EStationState   StationInfo[5]; 
 183                  byte        RecevieData[80];
 184          } TPacker;
 185          
 186          


MODULE INFORMATION:   STATIC OVERLAYABLE
   CODE SIZE        =   ----    ----
   CONSTANT SIZE    =   ----    ----
   XDATA SIZE       =   ----    ----
   PDATA SIZE       =   ----    ----
   DATA SIZE        =   ----    ----
   IDATA SIZE       =   ----    ----
   BIT SIZE         =   ----    ----
END OF MODULE INFORMATION.


C51 COMPILATION COMPLETE.  0 WARNING(S),  0 ERROR(S)
